<?xml version="1.0" encoding="UTF-8"?>
<!-- Generated by org.testng.reporters.JUnitReportReporter -->
<testsuite hostname="SPCLTLAP-0337" failures="0" tests="2" name="com.test.Login.UserLogin" time="244.899" errors="0" timestamp="2024-11-26T16:22:23 IST" skipped="0">
  <testcase classname="com.test.Login.UserLogin" name="RUNALL" time="244.890"/>
  <system-out/>
  <testcase classname="com.test.Login.UserLogin" name="RUNALL" time="0.009"/>
  <system-out/>
</testsuite> <!-- com.test.Login.UserLogin -->
